<?xml version="1.0" encoding="UTF-8"?>
<!-- Generated by org.testng.reporters.JUnitReportReporter -->
<testsuite hostname="iMac-de-Jovas.local" failures="0" tests="1" name="tests.UsersTests" time="0.007" errors="0" timestamp="2023-02-06T16:42:43 CST" skipped="0">
  <testcase classname="tests.UsersTests" name="registrerUser" time="0.007"/>
  <system-out/>
</testsuite> <!-- tests.UsersTests -->
